<?xml version="1.0" encoding="UTF-8"?>
<!-- Generated by org.testng.reporters.JUnitReportReporter -->
<testsuite hostname="DESKTOP-V5UJJLP" failures="0" tests="1" name="uncommon.FlipkartLogin" time="16.195" errors="0" timestamp="2021-12-30T14:34:48 BDT" skipped="0">
  <testcase classname="uncommon.FlipkartLogin" name="LoginTest" time="16.195"/>
  <system-out/>
</testsuite> <!-- uncommon.FlipkartLogin -->
