<?xml version="1.0" encoding="UTF-8"?>
<!-- Generated by org.testng.reporters.JUnitReportReporter -->
<testsuite hostname="DESKTOP-V5UJJLP" failures="0" tests="1" name="uncommon.TestCase" time="19.124" errors="0" timestamp="2022-02-16T23:15:24 BDT" skipped="0">
  <testcase classname="uncommon.TestCase" name="verifyLinks" time="19.124"/>
  <system-out/>
</testsuite> <!-- uncommon.TestCase -->
